{"name":"development","hostname":"asrulsibaoel-PC","pid":7789,"level":30,"msg":"Kalimat.ai API Server is running at http://[::]:5000","time":"2017-09-01T13:21:25.915Z","v":0}
{"name":"development","hostname":"asrulsibaoel-PC","pid":9651,"level":30,"msg":"Kalimat.ai API Server is running at http://[::]:5000","time":"2017-09-01T14:02:23.426Z","v":0}
{"name":"development","hostname":"asrulsibaoel-PC","pid":30565,"level":30,"msg":"Kalimat.ai API Server is running at http://[::]:5000","time":"2017-09-02T09:57:49.030Z","v":0}
{"name":"development","hostname":"asrulsibaoel-PC","pid":30649,"level":30,"msg":"Kalimat.ai API Server is running at http://[::]:5000","time":"2017-09-02T09:58:15.218Z","v":0}
{"name":"development","hostname":"asrulsibaoel-PC","pid":30950,"level":30,"msg":"Kalimat.ai API Server is running at http://[::]:5000","time":"2017-09-02T10:03:22.038Z","v":0}
{"name":"development","hostname":"asrulsibaoel-PC","pid":9975,"level":30,"msg":"Kalimat.ai API Server is running at http://[::]:5000","time":"2017-09-02T14:54:39.321Z","v":0}
{"name":"development","hostname":"asrulsibaoel-PC","pid":10068,"level":30,"msg":"Kalimat.ai API Server is running at http://[::]:5000","time":"2017-09-02T14:55:11.757Z","v":0}
{"name":"development","hostname":"asrulsibaoel-PC","pid":10171,"level":30,"msg":"Kalimat.ai API Server is running at http://[::]:5000","time":"2017-09-02T14:55:50.455Z","v":0}
{"name":"development","hostname":"asrulsibaoel-PC","pid":10258,"level":30,"msg":"Kalimat.ai API Server is running at http://[::]:5000","time":"2017-09-02T14:56:34.663Z","v":0}
{"name":"development","hostname":"asrulsibaoel-PC","pid":16445,"level":30,"msg":"Kalimat.ai API Server is running at http://[::]:5000","time":"2017-09-03T05:58:21.124Z","v":0}
{"name":"development","hostname":"asrulsibaoel-PC","pid":18208,"level":30,"msg":"Kalimat.ai API Server is running at http://[::]:5000","time":"2017-09-03T06:27:06.368Z","v":0}
{"name":"development","hostname":"asrulsibaoel-PC","pid":19263,"level":30,"msg":"Kalimat.ai API Server is running at http://[::]:5000","time":"2017-09-03T06:42:57.318Z","v":0}
{"name":"development","hostname":"asrulsibaoel-PC","pid":19407,"level":30,"msg":"Kalimat.ai API Server is running at http://[::]:5000","time":"2017-09-03T06:46:06.715Z","v":0}
{"name":"development","hostname":"asrulsibaoel-PC","pid":19503,"level":30,"msg":"Kalimat.ai API Server is running at http://[::]:5000","time":"2017-09-03T06:47:19.925Z","v":0}
{"name":"development","hostname":"asrulsibaoel-PC","pid":19645,"level":30,"msg":"Kalimat.ai API Server is running at http://[::]:5000","time":"2017-09-03T06:49:13.514Z","v":0}
{"name":"development","hostname":"asrulsibaoel-PC","pid":19725,"level":30,"msg":"Kalimat.ai API Server is running at http://[::]:5000","time":"2017-09-03T06:49:43.627Z","v":0}
{"name":"development","hostname":"asrulsibaoel-PC","pid":20206,"level":30,"msg":"Kalimat.ai API Server is running at http://[::]:5000","time":"2017-09-03T07:00:25.927Z","v":0}
{"name":"development","hostname":"asrulsibaoel-PC","pid":20383,"level":30,"msg":"Kalimat.ai API Server is running at http://[::]:5000","time":"2017-09-03T07:03:11.856Z","v":0}
{"name":"development","hostname":"asrulsibaoel-PC","pid":20601,"level":30,"msg":"Kalimat.ai API Server is running at http://[::]:5000","time":"2017-09-03T07:05:44.117Z","v":0}
{"name":"development","hostname":"asrulsibaoel-PC","pid":20711,"level":30,"msg":"Kalimat.ai API Server is running at http://[::]:5000","time":"2017-09-03T07:07:21.698Z","v":0}
{"name":"development","hostname":"asrulsibaoel-PC","pid":23276,"level":30,"msg":"Kalimat.ai API Server is running at http://[::]:5000","time":"2017-09-03T07:39:40.911Z","v":0}
{"name":"development","hostname":"asrulsibaoel-PC","pid":9575,"level":30,"msg":"Kalimat.ai API Server is running at http://[::]:5000","time":"2017-09-03T13:44:41.211Z","v":0}
{"name":"development","hostname":"asrulsibaoel-PC","pid":11644,"level":30,"msg":"Kalimat.ai API Server is running at http://[::]:5000","time":"2017-09-03T14:19:55.622Z","v":0}
{"name":"development","hostname":"asrulsibaoel-PC","pid":12052,"level":30,"msg":"Kalimat.ai API Server is running at http://[::]:5000","time":"2017-09-03T14:23:39.901Z","v":0}
{"name":"development","hostname":"asrulsibaoel-PC","pid":12128,"level":30,"msg":"Kalimat.ai API Server is running at http://[::]:5000","time":"2017-09-03T14:24:26.535Z","v":0}
{"name":"development","hostname":"asrulsibaoel-PC","pid":14400,"level":30,"msg":"Kalimat.ai API Server is running at http://[::]:5000","time":"2017-09-03T14:55:31.685Z","v":0}
{"name":"development","hostname":"asrulsibaoel-PC","pid":16537,"level":30,"msg":"Kalimat.ai API Server is running at http://[::]:5000","time":"2017-09-03T15:24:32.220Z","v":0}
{"name":"development","hostname":"asrulsibaoel-PC","pid":22667,"level":30,"msg":"Kalimat.ai API Server is running at http://[::]:5000","time":"2017-09-05T06:36:20.022Z","v":0}
{"name":"development","hostname":"asrulsibaoel-PC","pid":30505,"level":30,"msg":"Kalimat.ai API Server is running at http://[::]:5000","time":"2017-09-05T08:28:15.416Z","v":0}
{"name":"development","hostname":"asrulsibaoel-PC","pid":30505,"level":30,"msg":"POST /users","time":"2017-09-05T08:29:15.650Z","v":0}
{"name":"development","hostname":"asrulsibaoel-PC","pid":30505,"level":30,"msg":"Params: {}","time":"2017-09-05T08:29:15.650Z","v":0}
{"name":"development","hostname":"asrulsibaoel-PC","pid":30698,"level":30,"msg":"Kalimat.ai API Server is running at http://[::]:5000","time":"2017-09-05T08:30:50.169Z","v":0}
{"name":"development","hostname":"asrulsibaoel-PC","pid":30906,"level":30,"msg":"Kalimat.ai API Server is running at http://[::]:5000","time":"2017-09-05T08:32:38.413Z","v":0}
{"name":"development","hostname":"asrulsibaoel-PC","pid":30906,"level":30,"msg":"POST /users","time":"2017-09-05T08:32:42.107Z","v":0}
{"name":"development","hostname":"asrulsibaoel-PC","pid":30906,"level":30,"msg":"Params: {}","time":"2017-09-05T08:32:42.107Z","v":0}
{"name":"development","hostname":"asrulsibaoel-PC","pid":30906,"level":30,"msg":"GET /users/1","time":"2017-09-05T08:32:49.217Z","v":0}
{"name":"development","hostname":"asrulsibaoel-PC","pid":30906,"level":30,"msg":"Params: {\"id\":\"1\"}","time":"2017-09-05T08:32:49.217Z","v":0}
{"name":"development","hostname":"asrulsibaoel-PC","pid":31113,"level":30,"msg":"Kalimat.ai API Server is running at http://[::]:5000","time":"2017-09-05T08:34:12.529Z","v":0}
{"name":"development","hostname":"asrulsibaoel-PC","pid":31113,"level":30,"msg":"POST /users","time":"2017-09-05T08:34:19.891Z","v":0}
{"name":"development","hostname":"asrulsibaoel-PC","pid":31113,"level":30,"msg":"Params: {}","time":"2017-09-05T08:34:19.892Z","v":0}
{"name":"development","hostname":"asrulsibaoel-PC","pid":31113,"level":30,"msg":"GET /users/1","time":"2017-09-05T08:34:24.905Z","v":0}
{"name":"development","hostname":"asrulsibaoel-PC","pid":31113,"level":30,"msg":"Params: {\"id\":\"1\"}","time":"2017-09-05T08:34:24.905Z","v":0}
{"name":"development","hostname":"asrulsibaoel-PC","pid":31240,"level":30,"msg":"Kalimat.ai API Server is running at http://[::]:5000","time":"2017-09-05T08:35:16.511Z","v":0}
{"name":"development","hostname":"asrulsibaoel-PC","pid":31240,"level":30,"msg":"POST /users","time":"2017-09-05T08:35:18.751Z","v":0}
{"name":"development","hostname":"asrulsibaoel-PC","pid":31240,"level":30,"msg":"Params: {}","time":"2017-09-05T08:35:18.752Z","v":0}
{"name":"development","hostname":"asrulsibaoel-PC","pid":31240,"level":30,"msg":"GET /users/1","time":"2017-09-05T08:35:24.438Z","v":0}
{"name":"development","hostname":"asrulsibaoel-PC","pid":31240,"level":30,"msg":"Params: {\"id\":\"1\"}","time":"2017-09-05T08:35:24.439Z","v":0}
{"name":"development","hostname":"asrulsibaoel-PC","pid":31429,"level":30,"msg":"Kalimat.ai API Server is running at http://[::]:5000","time":"2017-09-05T08:37:07.190Z","v":0}
{"name":"development","hostname":"asrulsibaoel-PC","pid":31429,"level":30,"msg":"POST /users","time":"2017-09-05T08:37:18.692Z","v":0}
{"name":"development","hostname":"asrulsibaoel-PC","pid":31429,"level":30,"msg":"Params: {}","time":"2017-09-05T08:37:18.693Z","v":0}
{"name":"development","hostname":"asrulsibaoel-PC","pid":31429,"level":30,"msg":"GET /users/1","time":"2017-09-05T08:37:26.732Z","v":0}
{"name":"development","hostname":"asrulsibaoel-PC","pid":31429,"level":30,"msg":"Params: {\"id\":\"1\"}","time":"2017-09-05T08:37:26.733Z","v":0}
{"name":"development","hostname":"asrulsibaoel-PC","pid":31554,"level":30,"msg":"Kalimat.ai API Server is running at http://[::]:5000","time":"2017-09-05T08:37:49.756Z","v":0}
{"name":"development","hostname":"asrulsibaoel-PC","pid":31554,"level":30,"msg":"POST /users","time":"2017-09-05T08:37:54.141Z","v":0}
{"name":"development","hostname":"asrulsibaoel-PC","pid":31554,"level":30,"msg":"Params: {}","time":"2017-09-05T08:37:54.141Z","v":0}
{"name":"development","hostname":"asrulsibaoel-PC","pid":31554,"level":30,"msg":"GET /users/1","time":"2017-09-05T08:37:57.123Z","v":0}
{"name":"development","hostname":"asrulsibaoel-PC","pid":31554,"level":30,"msg":"Params: {\"id\":\"1\"}","time":"2017-09-05T08:37:57.124Z","v":0}
{"name":"development","hostname":"asrulsibaoel-PC","pid":31666,"level":30,"msg":"Kalimat.ai API Server is running at http://[::]:5000","time":"2017-09-05T08:38:48.540Z","v":0}
{"name":"development","hostname":"asrulsibaoel-PC","pid":31819,"level":30,"msg":"Kalimat.ai API Server is running at http://[::]:5000","time":"2017-09-05T08:39:17.323Z","v":0}
{"name":"development","hostname":"asrulsibaoel-PC","pid":31819,"level":30,"msg":"POST /users","time":"2017-09-05T08:39:19.370Z","v":0}
{"name":"development","hostname":"asrulsibaoel-PC","pid":31819,"level":30,"msg":"Params: {}","time":"2017-09-05T08:39:19.371Z","v":0}
{"name":"development","hostname":"asrulsibaoel-PC","pid":31819,"level":30,"msg":"GET /users/1","time":"2017-09-05T08:39:21.889Z","v":0}
{"name":"development","hostname":"asrulsibaoel-PC","pid":31819,"level":30,"msg":"Params: {\"id\":\"1\"}","time":"2017-09-05T08:39:21.889Z","v":0}
{"name":"development","hostname":"asrulsibaoel-PC","pid":32032,"level":30,"msg":"Kalimat.ai API Server is running at http://[::]:5000","time":"2017-09-05T08:41:01.983Z","v":0}
{"name":"development","hostname":"asrulsibaoel-PC","pid":32032,"level":30,"msg":"POST /users","time":"2017-09-05T08:41:03.465Z","v":0}
{"name":"development","hostname":"asrulsibaoel-PC","pid":32032,"level":30,"msg":"Params: {}","time":"2017-09-05T08:41:03.465Z","v":0}
{"name":"development","hostname":"asrulsibaoel-PC","pid":32032,"level":30,"msg":"GET /users/1","time":"2017-09-05T08:41:09.266Z","v":0}
{"name":"development","hostname":"asrulsibaoel-PC","pid":32032,"level":30,"msg":"Params: {\"id\":\"1\"}","time":"2017-09-05T08:41:09.267Z","v":0}
{"name":"development","hostname":"asrulsibaoel-PC","pid":32032,"level":30,"msg":"GET /users/1","time":"2017-09-05T08:41:11.276Z","v":0}
{"name":"development","hostname":"asrulsibaoel-PC","pid":32032,"level":30,"msg":"Params: {\"id\":\"1\"}","time":"2017-09-05T08:41:11.276Z","v":0}
{"name":"development","hostname":"asrulsibaoel-PC","pid":32421,"level":30,"msg":"Kalimat.ai API Server is running at http://[::]:5000","time":"2017-09-05T08:45:45.891Z","v":0}
{"name":"development","hostname":"asrulsibaoel-PC","pid":32421,"level":30,"msg":"POST /users","time":"2017-09-05T08:45:52.183Z","v":0}
{"name":"development","hostname":"asrulsibaoel-PC","pid":32421,"level":30,"msg":"Params: {}","time":"2017-09-05T08:45:52.183Z","v":0}
{"name":"development","hostname":"asrulsibaoel-PC","pid":32421,"level":30,"msg":"GET /users/1","time":"2017-09-05T08:45:57.856Z","v":0}
{"name":"development","hostname":"asrulsibaoel-PC","pid":32421,"level":30,"msg":"Params: {\"id\":\"1\"}","time":"2017-09-05T08:45:57.858Z","v":0}
{"name":"development","hostname":"asrulsibaoel-PC","pid":32421,"level":30,"msg":"GET /users","time":"2017-09-05T08:46:28.578Z","v":0}
{"name":"development","hostname":"asrulsibaoel-PC","pid":32421,"level":30,"msg":"Params: {}","time":"2017-09-05T08:46:28.579Z","v":0}
{"name":"development","hostname":"asrulsibaoel-PC","pid":32607,"level":30,"msg":"Kalimat.ai API Server is running at http://[::]:5000","time":"2017-09-05T08:47:35.395Z","v":0}
{"name":"development","hostname":"asrulsibaoel-PC","pid":32607,"level":30,"msg":"POST /users","time":"2017-09-05T08:47:40.238Z","v":0}
{"name":"development","hostname":"asrulsibaoel-PC","pid":32607,"level":30,"msg":"Params: {}","time":"2017-09-05T08:47:40.238Z","v":0}
{"name":"development","hostname":"asrulsibaoel-PC","pid":32607,"level":30,"msg":"GET /users/1","time":"2017-09-05T08:47:42.610Z","v":0}
{"name":"development","hostname":"asrulsibaoel-PC","pid":32607,"level":30,"msg":"Params: {\"id\":\"1\"}","time":"2017-09-05T08:47:42.610Z","v":0}
{"name":"development","hostname":"asrulsibaoel-PC","pid":32607,"level":30,"msg":"GET /users","time":"2017-09-05T08:47:44.977Z","v":0}
{"name":"development","hostname":"asrulsibaoel-PC","pid":32607,"level":30,"msg":"Params: {}","time":"2017-09-05T08:47:44.978Z","v":0}
{"name":"development","hostname":"asrulsibaoel-PC","pid":32730,"level":30,"msg":"Kalimat.ai API Server is running at http://[::]:5000","time":"2017-09-05T08:48:15.908Z","v":0}
{"name":"development","hostname":"asrulsibaoel-PC","pid":32730,"level":30,"msg":"GET /users/1","time":"2017-09-05T08:48:18.663Z","v":0}
{"name":"development","hostname":"asrulsibaoel-PC","pid":32730,"level":30,"msg":"Params: {\"id\":\"1\"}","time":"2017-09-05T08:48:18.664Z","v":0}
{"name":"development","hostname":"asrulsibaoel-PC","pid":32730,"level":30,"msg":"POST /users","time":"2017-09-05T08:48:28.755Z","v":0}
{"name":"development","hostname":"asrulsibaoel-PC","pid":32730,"level":30,"msg":"Params: {}","time":"2017-09-05T08:48:28.755Z","v":0}
{"name":"development","hostname":"asrulsibaoel-PC","pid":32730,"level":30,"msg":"GET /users/1","time":"2017-09-05T08:48:31.547Z","v":0}
{"name":"development","hostname":"asrulsibaoel-PC","pid":32730,"level":30,"msg":"Params: {\"id\":\"1\"}","time":"2017-09-05T08:48:31.548Z","v":0}
{"name":"development","hostname":"asrulsibaoel-PC","pid":32730,"level":30,"msg":"GET /users","time":"2017-09-05T08:48:34.956Z","v":0}
{"name":"development","hostname":"asrulsibaoel-PC","pid":32730,"level":30,"msg":"Params: {}","time":"2017-09-05T08:48:34.956Z","v":0}
{"name":"development","hostname":"asrulsibaoel-PC","pid":639,"level":30,"msg":"Kalimat.ai API Server is running at http://[::]:5000","time":"2017-09-05T08:51:59.437Z","v":0}
{"name":"development","hostname":"asrulsibaoel-PC","pid":639,"level":30,"msg":"POST /users","time":"2017-09-05T08:52:03.455Z","v":0}
{"name":"development","hostname":"asrulsibaoel-PC","pid":639,"level":30,"msg":"Params: {}","time":"2017-09-05T08:52:03.456Z","v":0}
{"name":"development","hostname":"asrulsibaoel-PC","pid":639,"level":30,"msg":"GET /users/1","time":"2017-09-05T08:52:05.746Z","v":0}
{"name":"development","hostname":"asrulsibaoel-PC","pid":639,"level":30,"msg":"Params: {\"id\":\"1\"}","time":"2017-09-05T08:52:05.746Z","v":0}
{"name":"development","hostname":"asrulsibaoel-PC","pid":639,"level":30,"msg":"GET /users","time":"2017-09-05T08:52:08.140Z","v":0}
{"name":"development","hostname":"asrulsibaoel-PC","pid":639,"level":30,"msg":"Params: {}","time":"2017-09-05T08:52:08.141Z","v":0}
{"name":"development","hostname":"asrulsibaoel-PC","pid":1042,"level":30,"msg":"Kalimat.ai API Server is running at http://[::]:5000","time":"2017-09-05T08:55:57.387Z","v":0}
{"name":"development","hostname":"asrulsibaoel-PC","pid":1042,"level":30,"msg":"POST /users","time":"2017-09-05T08:56:08.157Z","v":0}
{"name":"development","hostname":"asrulsibaoel-PC","pid":1042,"level":30,"msg":"Params: {}","time":"2017-09-05T08:56:08.158Z","v":0}
{"name":"development","hostname":"asrulsibaoel-PC","pid":1042,"level":30,"msg":"GET /users/1","time":"2017-09-05T08:56:12.312Z","v":0}
{"name":"development","hostname":"asrulsibaoel-PC","pid":1042,"level":30,"msg":"Params: {\"id\":\"1\"}","time":"2017-09-05T08:56:12.313Z","v":0}
{"name":"development","hostname":"asrulsibaoel-PC","pid":1042,"level":30,"msg":"GET /users","time":"2017-09-05T08:56:15.359Z","v":0}
{"name":"development","hostname":"asrulsibaoel-PC","pid":1042,"level":30,"msg":"Params: {}","time":"2017-09-05T08:56:15.359Z","v":0}
{"name":"development","hostname":"asrulsibaoel-PC","pid":1042,"level":30,"msg":"PUT /users/1","time":"2017-09-05T08:56:35.991Z","v":0}
{"name":"development","hostname":"asrulsibaoel-PC","pid":1042,"level":30,"msg":"Params: {\"id\":\"1\"}","time":"2017-09-05T08:56:35.992Z","v":0}
{"name":"development","hostname":"asrulsibaoel-PC","pid":1343,"level":30,"msg":"Kalimat.ai API Server is running at http://[::]:5000","time":"2017-09-05T08:59:11.382Z","v":0}
{"name":"development","hostname":"asrulsibaoel-PC","pid":1343,"level":30,"msg":"POST /users","time":"2017-09-05T08:59:15.981Z","v":0}
{"name":"development","hostname":"asrulsibaoel-PC","pid":1343,"level":30,"msg":"Params: {}","time":"2017-09-05T08:59:15.982Z","v":0}
{"name":"development","hostname":"asrulsibaoel-PC","pid":1343,"level":30,"msg":"GET /users/1","time":"2017-09-05T08:59:18.465Z","v":0}
{"name":"development","hostname":"asrulsibaoel-PC","pid":1343,"level":30,"msg":"Params: {\"id\":\"1\"}","time":"2017-09-05T08:59:18.470Z","v":0}
{"name":"development","hostname":"asrulsibaoel-PC","pid":1343,"level":30,"msg":"GET /users","time":"2017-09-05T08:59:27.380Z","v":0}
{"name":"development","hostname":"asrulsibaoel-PC","pid":1343,"level":30,"msg":"Params: {}","time":"2017-09-05T08:59:27.380Z","v":0}
{"name":"development","hostname":"asrulsibaoel-PC","pid":1343,"level":30,"msg":"PUT /users/1","time":"2017-09-05T08:59:30.483Z","v":0}
{"name":"development","hostname":"asrulsibaoel-PC","pid":1343,"level":30,"msg":"Params: {\"id\":\"1\"}","time":"2017-09-05T08:59:30.484Z","v":0}
{"name":"development","hostname":"asrulsibaoel-PC","pid":1343,"level":30,"msg":"DELETE /users/1","time":"2017-09-05T08:59:41.081Z","v":0}
{"name":"development","hostname":"asrulsibaoel-PC","pid":1343,"level":30,"msg":"Params: {\"id\":\"1\"}","time":"2017-09-05T08:59:41.081Z","v":0}
{"name":"development","hostname":"asrulsibaoel-PC","pid":1343,"level":30,"msg":"DELETE /users/1","time":"2017-09-05T08:59:53.061Z","v":0}
{"name":"development","hostname":"asrulsibaoel-PC","pid":1343,"level":30,"msg":"Params: {\"id\":\"1\"}","time":"2017-09-05T08:59:53.064Z","v":0}
{"name":"development","hostname":"asrulsibaoel-PC","pid":2933,"level":30,"msg":"Kalimat.ai API Server is running at http://[::]:5000","time":"2017-09-05T09:13:49.581Z","v":0}
{"name":"development","hostname":"asrulsibaoel-PC","pid":2933,"level":30,"msg":"POST /users","time":"2017-09-05T09:15:17.233Z","v":0}
{"name":"development","hostname":"asrulsibaoel-PC","pid":2933,"level":30,"msg":"Params: {}","time":"2017-09-05T09:15:17.234Z","v":0}
{"name":"development","hostname":"asrulsibaoel-PC","pid":2933,"level":30,"msg":"GET /users/1","time":"2017-09-05T09:15:32.591Z","v":0}
{"name":"development","hostname":"asrulsibaoel-PC","pid":2933,"level":30,"msg":"Params: {\"id\":\"1\"}","time":"2017-09-05T09:15:32.592Z","v":0}
{"name":"development","hostname":"asrulsibaoel-PC","pid":2933,"level":30,"msg":"GET /users","time":"2017-09-05T09:15:35.679Z","v":0}
{"name":"development","hostname":"asrulsibaoel-PC","pid":2933,"level":30,"msg":"Params: {}","time":"2017-09-05T09:15:35.679Z","v":0}
{"name":"development","hostname":"asrulsibaoel-PC","pid":2933,"level":30,"msg":"PUT /users/1","time":"2017-09-05T09:15:38.944Z","v":0}
{"name":"development","hostname":"asrulsibaoel-PC","pid":2933,"level":30,"msg":"Params: {\"id\":\"1\"}","time":"2017-09-05T09:15:38.945Z","v":0}
{"name":"development","hostname":"asrulsibaoel-PC","pid":2933,"level":30,"msg":"DELETE /users/1","time":"2017-09-05T09:15:42.855Z","v":0}
{"name":"development","hostname":"asrulsibaoel-PC","pid":2933,"level":30,"msg":"Params: {\"id\":\"1\"}","time":"2017-09-05T09:15:42.855Z","v":0}
{"name":"development","hostname":"asrulsibaoel-PC","pid":2933,"level":30,"msg":"POST /conversations","time":"2017-09-05T09:15:48.816Z","v":0}
{"name":"development","hostname":"asrulsibaoel-PC","pid":2933,"level":30,"msg":"Params: {}","time":"2017-09-05T09:15:48.817Z","v":0}
{"name":"development","hostname":"asrulsibaoel-PC","pid":3236,"level":30,"msg":"Kalimat.ai API Server is running at http://[::]:5000","time":"2017-09-05T09:17:02.842Z","v":0}
{"name":"development","hostname":"asrulsibaoel-PC","pid":3236,"level":30,"msg":"POST /conversations","time":"2017-09-05T09:17:27.140Z","v":0}
{"name":"development","hostname":"asrulsibaoel-PC","pid":3236,"level":30,"msg":"Params: {}","time":"2017-09-05T09:17:27.141Z","v":0}
{"name":"development","hostname":"asrulsibaoel-PC","pid":3415,"level":30,"msg":"Kalimat.ai API Server is running at http://[::]:5000","time":"2017-09-05T09:18:53.205Z","v":0}
{"name":"development","hostname":"asrulsibaoel-PC","pid":3415,"level":30,"msg":"POST /conversations","time":"2017-09-05T09:18:54.844Z","v":0}
{"name":"development","hostname":"asrulsibaoel-PC","pid":3415,"level":30,"msg":"Params: {}","time":"2017-09-05T09:18:54.844Z","v":0}
{"name":"development","hostname":"asrulsibaoel-PC","pid":3556,"level":30,"msg":"Kalimat.ai API Server is running at http://[::]:5000","time":"2017-09-05T09:19:48.701Z","v":0}
{"name":"development","hostname":"asrulsibaoel-PC","pid":3556,"level":30,"msg":"POST /conversations","time":"2017-09-05T09:19:51.295Z","v":0}
{"name":"development","hostname":"asrulsibaoel-PC","pid":3556,"level":30,"msg":"Params: {}","time":"2017-09-05T09:19:51.296Z","v":0}
{"name":"development","hostname":"asrulsibaoel-PC","pid":3673,"level":30,"msg":"Kalimat.ai API Server is running at http://[::]:5000","time":"2017-09-05T09:21:01.180Z","v":0}
{"name":"development","hostname":"asrulsibaoel-PC","pid":3673,"level":30,"msg":"POST /conversations","time":"2017-09-05T09:21:01.383Z","v":0}
{"name":"development","hostname":"asrulsibaoel-PC","pid":3673,"level":30,"msg":"Params: {}","time":"2017-09-05T09:21:01.384Z","v":0}
{"name":"development","hostname":"asrulsibaoel-PC","pid":3876,"level":30,"msg":"Kalimat.ai API Server is running at http://[::]:5000","time":"2017-09-05T09:22:23.133Z","v":0}
{"name":"development","hostname":"asrulsibaoel-PC","pid":3876,"level":30,"msg":"POST /conversations","time":"2017-09-05T09:22:25.478Z","v":0}
{"name":"development","hostname":"asrulsibaoel-PC","pid":3876,"level":30,"msg":"Params: {}","time":"2017-09-05T09:22:25.478Z","v":0}
{"name":"development","hostname":"asrulsibaoel-PC","pid":3876,"level":30,"msg":"GET /conversations/2","time":"2017-09-05T09:22:40.922Z","v":0}
{"name":"development","hostname":"asrulsibaoel-PC","pid":3876,"level":30,"msg":"Params: {\"id\":\"2\"}","time":"2017-09-05T09:22:40.923Z","v":0}
{"name":"development","hostname":"asrulsibaoel-PC","pid":3876,"level":30,"msg":"PUT /conversations/2","time":"2017-09-05T09:22:45.347Z","v":0}
{"name":"development","hostname":"asrulsibaoel-PC","pid":3876,"level":30,"msg":"Params: {\"id\":\"2\"}","time":"2017-09-05T09:22:45.351Z","v":0}
{"name":"development","hostname":"asrulsibaoel-PC","pid":3876,"level":30,"msg":"GET /conversations","time":"2017-09-05T09:22:51.735Z","v":0}
{"name":"development","hostname":"asrulsibaoel-PC","pid":3876,"level":30,"msg":"Params: {}","time":"2017-09-05T09:22:51.736Z","v":0}
{"name":"development","hostname":"asrulsibaoel-PC","pid":4664,"level":30,"msg":"Kalimat.ai API Server is running at http://[::]:5000","time":"2017-09-05T09:33:41.209Z","v":0}
{"name":"development","hostname":"asrulsibaoel-PC","pid":4664,"level":30,"msg":"POST /conversations","time":"2017-09-05T09:33:50.261Z","v":0}
{"name":"development","hostname":"asrulsibaoel-PC","pid":4664,"level":30,"msg":"Params: {}","time":"2017-09-05T09:33:50.262Z","v":0}
{"name":"development","hostname":"asrulsibaoel-PC","pid":4664,"level":30,"msg":"GET /conversations/2","time":"2017-09-05T09:33:53.484Z","v":0}
{"name":"development","hostname":"asrulsibaoel-PC","pid":4664,"level":30,"msg":"Params: {\"id\":\"2\"}","time":"2017-09-05T09:33:53.485Z","v":0}
{"name":"development","hostname":"asrulsibaoel-PC","pid":4664,"level":30,"msg":"PUT /conversations/2","time":"2017-09-05T09:33:56.409Z","v":0}
{"name":"development","hostname":"asrulsibaoel-PC","pid":4664,"level":30,"msg":"Params: {\"id\":\"2\"}","time":"2017-09-05T09:33:56.410Z","v":0}
{"name":"development","hostname":"asrulsibaoel-PC","pid":4664,"level":30,"msg":"GET /conversations","time":"2017-09-05T09:33:59.496Z","v":0}
{"name":"development","hostname":"asrulsibaoel-PC","pid":4664,"level":30,"msg":"Params: {}","time":"2017-09-05T09:33:59.497Z","v":0}
{"name":"development","hostname":"asrulsibaoel-PC","pid":4664,"level":30,"msg":"GET /conversations","time":"2017-09-05T09:34:00.575Z","v":0}
{"name":"development","hostname":"asrulsibaoel-PC","pid":4664,"level":30,"msg":"Params: {}","time":"2017-09-05T09:34:00.575Z","v":0}
{"name":"development","hostname":"asrulsibaoel-PC","pid":4848,"level":30,"msg":"Kalimat.ai API Server is running at http://[::]:5000","time":"2017-09-05T09:35:04.142Z","v":0}
{"name":"development","hostname":"asrulsibaoel-PC","pid":4848,"level":30,"msg":"POST /conversations","time":"2017-09-05T09:35:09.246Z","v":0}
{"name":"development","hostname":"asrulsibaoel-PC","pid":4848,"level":30,"msg":"Params: {}","time":"2017-09-05T09:35:09.246Z","v":0}
{"name":"development","hostname":"asrulsibaoel-PC","pid":4848,"level":30,"msg":"GET /conversations/get/2","time":"2017-09-05T09:35:11.942Z","v":0}
{"name":"development","hostname":"asrulsibaoel-PC","pid":4848,"level":30,"msg":"Params: {\"id\":\"2\"}","time":"2017-09-05T09:35:11.949Z","v":0}
{"name":"development","hostname":"asrulsibaoel-PC","pid":4848,"level":30,"msg":"PUT /conversations/2","time":"2017-09-05T09:35:15.915Z","v":0}
{"name":"development","hostname":"asrulsibaoel-PC","pid":4848,"level":30,"msg":"Params: {\"id\":\"2\"}","time":"2017-09-05T09:35:15.915Z","v":0}
{"name":"development","hostname":"asrulsibaoel-PC","pid":4848,"level":30,"msg":"GET /conversations/list","time":"2017-09-05T09:35:30.783Z","v":0}
{"name":"development","hostname":"asrulsibaoel-PC","pid":4848,"level":30,"msg":"Params: {}","time":"2017-09-05T09:35:30.784Z","v":0}
{"name":"development","hostname":"asrulsibaoel-PC","pid":5014,"level":30,"msg":"Kalimat.ai API Server is running at http://[::]:5000","time":"2017-09-05T09:36:41.453Z","v":0}
{"name":"development","hostname":"asrulsibaoel-PC","pid":5014,"level":30,"msg":"POST /conversations","time":"2017-09-05T09:36:42.644Z","v":0}
{"name":"development","hostname":"asrulsibaoel-PC","pid":5014,"level":30,"msg":"Params: {}","time":"2017-09-05T09:36:42.644Z","v":0}
{"name":"development","hostname":"asrulsibaoel-PC","pid":5014,"level":30,"msg":"PUT /conversations/2","time":"2017-09-05T09:36:49.576Z","v":0}
{"name":"development","hostname":"asrulsibaoel-PC","pid":5014,"level":30,"msg":"Params: {\"id\":\"2\"}","time":"2017-09-05T09:36:49.577Z","v":0}
{"name":"development","hostname":"asrulsibaoel-PC","pid":5014,"level":30,"msg":"GET /conversations/list","time":"2017-09-05T09:36:52.214Z","v":0}
{"name":"development","hostname":"asrulsibaoel-PC","pid":5014,"level":30,"msg":"Params: {}","time":"2017-09-05T09:36:52.214Z","v":0}
{"name":"development","hostname":"asrulsibaoel-PC","pid":5313,"level":30,"msg":"Kalimat.ai API Server is running at http://[::]:5000","time":"2017-09-05T09:40:00.265Z","v":0}
{"name":"development","hostname":"asrulsibaoel-PC","pid":5523,"level":30,"msg":"Kalimat.ai API Server is running at http://[::]:5000","time":"2017-09-05T09:41:20.893Z","v":0}
{"name":"development","hostname":"asrulsibaoel-PC","pid":5523,"level":30,"msg":"GET /users/1","time":"2017-09-05T09:41:25.209Z","v":0}
{"name":"development","hostname":"asrulsibaoel-PC","pid":5523,"level":30,"msg":"Params: {\"id\":\"1\"}","time":"2017-09-05T09:41:25.210Z","v":0}
{"name":"development","hostname":"asrulsibaoel-PC","pid":5632,"level":30,"msg":"Kalimat.ai API Server is running at http://[::]:5000","time":"2017-09-05T09:42:03.616Z","v":0}
{"name":"development","hostname":"asrulsibaoel-PC","pid":5632,"level":30,"msg":"POST /users","time":"2017-09-05T09:42:04.954Z","v":0}
{"name":"development","hostname":"asrulsibaoel-PC","pid":5632,"level":30,"msg":"Params: {}","time":"2017-09-05T09:42:04.955Z","v":0}
{"name":"development","hostname":"asrulsibaoel-PC","pid":5632,"level":30,"msg":"GET /users/1","time":"2017-09-05T09:42:07.742Z","v":0}
{"name":"development","hostname":"asrulsibaoel-PC","pid":5632,"level":30,"msg":"Params: {\"id\":\"1\"}","time":"2017-09-05T09:42:07.744Z","v":0}
{"name":"development","hostname":"asrulsibaoel-PC","pid":5632,"level":30,"msg":"GET /users","time":"2017-09-05T09:42:13.862Z","v":0}
{"name":"development","hostname":"asrulsibaoel-PC","pid":5632,"level":30,"msg":"Params: {}","time":"2017-09-05T09:42:13.862Z","v":0}
{"name":"development","hostname":"asrulsibaoel-PC","pid":5632,"level":30,"msg":"PUT /users/1","time":"2017-09-05T09:42:17.248Z","v":0}
{"name":"development","hostname":"asrulsibaoel-PC","pid":5632,"level":30,"msg":"Params: {\"id\":\"1\"}","time":"2017-09-05T09:42:17.248Z","v":0}
{"name":"development","hostname":"asrulsibaoel-PC","pid":5632,"level":30,"msg":"DELETE /users/1","time":"2017-09-05T09:42:20.260Z","v":0}
{"name":"development","hostname":"asrulsibaoel-PC","pid":5632,"level":30,"msg":"Params: {\"id\":\"1\"}","time":"2017-09-05T09:42:20.261Z","v":0}
{"name":"development","hostname":"asrulsibaoel-PC","pid":5632,"level":30,"msg":"POST /conversations","time":"2017-09-05T09:42:23.561Z","v":0}
{"name":"development","hostname":"asrulsibaoel-PC","pid":5632,"level":30,"msg":"Params: {}","time":"2017-09-05T09:42:23.563Z","v":0}
{"name":"development","hostname":"asrulsibaoel-PC","pid":5632,"level":30,"msg":"GET /conversations/2","time":"2017-09-05T09:42:25.858Z","v":0}
{"name":"development","hostname":"asrulsibaoel-PC","pid":5632,"level":30,"msg":"Params: {\"id\":\"2\"}","time":"2017-09-05T09:42:25.859Z","v":0}
{"name":"development","hostname":"asrulsibaoel-PC","pid":5632,"level":30,"msg":"PUT /conversations/2","time":"2017-09-05T09:42:29.250Z","v":0}
{"name":"development","hostname":"asrulsibaoel-PC","pid":5632,"level":30,"msg":"Params: {\"id\":\"2\"}","time":"2017-09-05T09:42:29.251Z","v":0}
{"name":"development","hostname":"asrulsibaoel-PC","pid":5632,"level":30,"msg":"DELETE /conversations/2","time":"2017-09-05T09:42:32.176Z","v":0}
{"name":"development","hostname":"asrulsibaoel-PC","pid":5632,"level":30,"msg":"Params: {\"id\":\"2\"}","time":"2017-09-05T09:42:32.178Z","v":0}
{"name":"development","hostname":"asrulsibaoel-PC","pid":6140,"level":30,"msg":"Kalimat.ai API Server is running at http://[::]:5000","time":"2017-09-05T09:44:29.699Z","v":0}
{"name":"development","hostname":"asrulsibaoel-PC","pid":6140,"level":30,"msg":"POST /users","time":"2017-09-05T09:44:34.199Z","v":0}
{"name":"development","hostname":"asrulsibaoel-PC","pid":6140,"level":30,"msg":"Params: {}","time":"2017-09-05T09:44:34.205Z","v":0}
{"name":"development","hostname":"asrulsibaoel-PC","pid":6140,"level":30,"msg":"GET /users/1","time":"2017-09-05T09:44:41.136Z","v":0}
{"name":"development","hostname":"asrulsibaoel-PC","pid":6140,"level":30,"msg":"Params: {\"id\":\"1\"}","time":"2017-09-05T09:44:41.137Z","v":0}
{"name":"development","hostname":"asrulsibaoel-PC","pid":6140,"level":30,"msg":"GET /users","time":"2017-09-05T09:44:46.340Z","v":0}
{"name":"development","hostname":"asrulsibaoel-PC","pid":6140,"level":30,"msg":"Params: {}","time":"2017-09-05T09:44:46.341Z","v":0}
{"name":"development","hostname":"asrulsibaoel-PC","pid":6140,"level":30,"msg":"PUT /users/1","time":"2017-09-05T09:44:52.822Z","v":0}
{"name":"development","hostname":"asrulsibaoel-PC","pid":6140,"level":30,"msg":"Params: {\"id\":\"1\"}","time":"2017-09-05T09:44:52.828Z","v":0}
{"name":"development","hostname":"asrulsibaoel-PC","pid":6140,"level":30,"msg":"DELETE /users/1","time":"2017-09-05T09:44:58.545Z","v":0}
{"name":"development","hostname":"asrulsibaoel-PC","pid":6140,"level":30,"msg":"Params: {\"id\":\"1\"}","time":"2017-09-05T09:44:58.546Z","v":0}
{"name":"development","hostname":"asrulsibaoel-PC","pid":6140,"level":30,"msg":"POST /conversations","time":"2017-09-05T09:45:06.273Z","v":0}
{"name":"development","hostname":"asrulsibaoel-PC","pid":6140,"level":30,"msg":"Params: {}","time":"2017-09-05T09:45:06.273Z","v":0}
{"name":"development","hostname":"asrulsibaoel-PC","pid":6140,"level":30,"msg":"GET /conversations/2","time":"2017-09-05T09:45:11.057Z","v":0}
{"name":"development","hostname":"asrulsibaoel-PC","pid":6140,"level":30,"msg":"Params: {\"id\":\"2\"}","time":"2017-09-05T09:45:11.058Z","v":0}
{"name":"development","hostname":"asrulsibaoel-PC","pid":6140,"level":30,"msg":"PUT /conversations/2","time":"2017-09-05T09:45:15.589Z","v":0}
{"name":"development","hostname":"asrulsibaoel-PC","pid":6140,"level":30,"msg":"Params: {\"id\":\"2\"}","time":"2017-09-05T09:45:15.590Z","v":0}
{"name":"development","hostname":"asrulsibaoel-PC","pid":6140,"level":30,"msg":"DELETE /conversations/2","time":"2017-09-05T09:45:20.172Z","v":0}
{"name":"development","hostname":"asrulsibaoel-PC","pid":6140,"level":30,"msg":"Params: {\"id\":\"2\"}","time":"2017-09-05T09:45:20.174Z","v":0}
{"name":"development","hostname":"asrulsibaoel-PC","pid":6358,"level":30,"msg":"Kalimat.ai API Server is running at http://[::]:5000","time":"2017-09-05T09:46:07.396Z","v":0}
{"name":"development","hostname":"asrulsibaoel-PC","pid":6358,"level":30,"msg":"POST /users","time":"2017-09-05T09:46:26.476Z","v":0}
{"name":"development","hostname":"asrulsibaoel-PC","pid":6358,"level":30,"msg":"Params: {}","time":"2017-09-05T09:46:26.477Z","v":0}
{"name":"development","hostname":"asrulsibaoel-PC","pid":6358,"level":30,"msg":"GET /users/1","time":"2017-09-05T09:46:30.191Z","v":0}
{"name":"development","hostname":"asrulsibaoel-PC","pid":6358,"level":30,"msg":"Params: {\"id\":\"1\"}","time":"2017-09-05T09:46:30.197Z","v":0}
{"name":"development","hostname":"asrulsibaoel-PC","pid":6358,"level":30,"msg":"GET /users","time":"2017-09-05T09:46:36.466Z","v":0}
{"name":"development","hostname":"asrulsibaoel-PC","pid":6358,"level":30,"msg":"Params: {}","time":"2017-09-05T09:46:36.466Z","v":0}
{"name":"development","hostname":"asrulsibaoel-PC","pid":6358,"level":30,"msg":"PUT /users/1","time":"2017-09-05T09:46:38.979Z","v":0}
{"name":"development","hostname":"asrulsibaoel-PC","pid":6358,"level":30,"msg":"Params: {\"id\":\"1\"}","time":"2017-09-05T09:46:38.981Z","v":0}
{"name":"development","hostname":"asrulsibaoel-PC","pid":6358,"level":30,"msg":"DELETE /users/1","time":"2017-09-05T09:46:42.156Z","v":0}
{"name":"development","hostname":"asrulsibaoel-PC","pid":6358,"level":30,"msg":"Params: {\"id\":\"1\"}","time":"2017-09-05T09:46:42.164Z","v":0}
{"name":"development","hostname":"asrulsibaoel-PC","pid":6358,"level":30,"msg":"POST /conversations","time":"2017-09-05T09:46:44.916Z","v":0}
{"name":"development","hostname":"asrulsibaoel-PC","pid":6358,"level":30,"msg":"Params: {}","time":"2017-09-05T09:46:44.924Z","v":0}
{"name":"development","hostname":"asrulsibaoel-PC","pid":6358,"level":30,"msg":"GET /conversations/2","time":"2017-09-05T09:46:47.757Z","v":0}
{"name":"development","hostname":"asrulsibaoel-PC","pid":6358,"level":30,"msg":"Params: {\"id\":\"2\"}","time":"2017-09-05T09:46:47.758Z","v":0}
{"name":"development","hostname":"asrulsibaoel-PC","pid":6358,"level":30,"msg":"PUT /conversations/2","time":"2017-09-05T09:46:50.867Z","v":0}
{"name":"development","hostname":"asrulsibaoel-PC","pid":6358,"level":30,"msg":"Params: {\"id\":\"2\"}","time":"2017-09-05T09:46:50.877Z","v":0}
{"name":"development","hostname":"asrulsibaoel-PC","pid":6358,"level":30,"msg":"DELETE /conversations/2","time":"2017-09-05T09:46:54.762Z","v":0}
{"name":"development","hostname":"asrulsibaoel-PC","pid":6358,"level":30,"msg":"Params: {\"id\":\"2\"}","time":"2017-09-05T09:46:54.763Z","v":0}
{"name":"development","hostname":"asrulsibaoel-PC","pid":6570,"level":30,"msg":"Kalimat.ai API Server is running at http://[::]:5000","time":"2017-09-05T09:48:34.963Z","v":0}
{"name":"development","hostname":"asrulsibaoel-PC","pid":6570,"level":30,"msg":"POST /users","time":"2017-09-05T09:48:48.938Z","v":0}
{"name":"development","hostname":"asrulsibaoel-PC","pid":6570,"level":30,"msg":"Params: {}","time":"2017-09-05T09:48:48.940Z","v":0}
{"name":"development","hostname":"asrulsibaoel-PC","pid":6570,"level":30,"msg":"GET /users/1","time":"2017-09-05T09:48:59.543Z","v":0}
{"name":"development","hostname":"asrulsibaoel-PC","pid":6570,"level":30,"msg":"Params: {\"id\":\"1\"}","time":"2017-09-05T09:48:59.550Z","v":0}
{"name":"development","hostname":"asrulsibaoel-PC","pid":6570,"level":30,"msg":"GET /users","time":"2017-09-05T09:49:04.816Z","v":0}
{"name":"development","hostname":"asrulsibaoel-PC","pid":6570,"level":30,"msg":"Params: {}","time":"2017-09-05T09:49:04.823Z","v":0}
{"name":"development","hostname":"asrulsibaoel-PC","pid":6570,"level":30,"msg":"PUT /users/1","time":"2017-09-05T09:49:09.388Z","v":0}
{"name":"development","hostname":"asrulsibaoel-PC","pid":6570,"level":30,"msg":"Params: {\"id\":\"1\"}","time":"2017-09-05T09:49:09.391Z","v":0}
{"name":"development","hostname":"asrulsibaoel-PC","pid":6570,"level":30,"msg":"DELETE /users/1","time":"2017-09-05T09:49:13.508Z","v":0}
{"name":"development","hostname":"asrulsibaoel-PC","pid":6570,"level":30,"msg":"Params: {\"id\":\"1\"}","time":"2017-09-05T09:49:13.510Z","v":0}
{"name":"development","hostname":"asrulsibaoel-PC","pid":6570,"level":30,"msg":"POST /conversations","time":"2017-09-05T09:49:17.527Z","v":0}
{"name":"development","hostname":"asrulsibaoel-PC","pid":6570,"level":30,"msg":"Params: {}","time":"2017-09-05T09:49:17.529Z","v":0}
{"name":"development","hostname":"asrulsibaoel-PC","pid":6570,"level":30,"msg":"GET /conversations/2","time":"2017-09-05T09:49:20.431Z","v":0}
{"name":"development","hostname":"asrulsibaoel-PC","pid":6570,"level":30,"msg":"Params: {\"id\":\"2\"}","time":"2017-09-05T09:49:20.435Z","v":0}
{"name":"development","hostname":"asrulsibaoel-PC","pid":6570,"level":30,"msg":"PUT /conversations/2","time":"2017-09-05T09:49:23.126Z","v":0}
{"name":"development","hostname":"asrulsibaoel-PC","pid":6570,"level":30,"msg":"Params: {\"id\":\"2\"}","time":"2017-09-05T09:49:23.132Z","v":0}
{"name":"development","hostname":"asrulsibaoel-PC","pid":6570,"level":30,"msg":"DELETE /conversations/2","time":"2017-09-05T09:49:27.100Z","v":0}
{"name":"development","hostname":"asrulsibaoel-PC","pid":6570,"level":30,"msg":"Params: {\"id\":\"2\"}","time":"2017-09-05T09:49:27.100Z","v":0}
